<?xml version="1.0" encoding="UTF-8"?>
<testng-results ignored="0" total="3" passed="3" failed="0" skipped="0">
  <reporter-output>
  </reporter-output>
  <suite started-at="2025-09-06T16:53:06 IST" name="Suite" finished-at="2025-09-06T16:53:25 IST" duration-ms="19066">
    <groups>
    </groups>
    <test started-at="2025-09-06T16:53:06 IST" name="Test" finished-at="2025-09-06T16:53:25 IST" duration-ms="19066">
      <class name="Testcases.Product">
        <test-method is-config="true" signature="setupReport()[pri:0, instance:Testcases.Product@24aed80c]" started-at="2025-09-06T16:53:19 IST" name="setupReport" finished-at="2025-09-06T16:53:19 IST" duration-ms="1" status="PASS">
          <reporter-output>
          </reporter-output>
        </test-method> <!-- setupReport -->
        <test-method is-config="true" signature="setUp()[pri:0, instance:Testcases.Product@24aed80c]" started-at="2025-09-06T16:53:19 IST" name="setUp" finished-at="2025-09-06T16:53:20 IST" duration-ms="1083" status="PASS">
          <reporter-output>
          </reporter-output>
        </test-method> <!-- setUp -->
        <test-method signature="searchproductandview()[pri:0, instance:Testcases.Product@24aed80c]" started-at="2025-09-06T16:53:20 IST" name="searchproductandview" finished-at="2025-09-06T16:53:24 IST" duration-ms="3771" status="PASS">
          <reporter-output>
          </reporter-output>
        </test-method> <!-- searchproductandview -->
        <test-method is-config="true" signature="tearDown()[pri:0, instance:Testcases.Product@24aed80c]" started-at="2025-09-06T16:53:24 IST" name="tearDown" finished-at="2025-09-06T16:53:25 IST" duration-ms="625" status="PASS">
          <reporter-output>
          </reporter-output>
        </test-method> <!-- tearDown -->
        <test-method is-config="true" signature="closeReport()[pri:0, instance:Testcases.Product@24aed80c]" started-at="2025-09-06T16:53:25 IST" name="closeReport" finished-at="2025-09-06T16:53:25 IST" duration-ms="20" status="PASS">
          <reporter-output>
          </reporter-output>
        </test-method> <!-- closeReport -->
      </class> <!-- Testcases.Product -->
      <class name="Testcases.UserIdentity">
        <test-method is-config="true" signature="setupReport()[pri:0, instance:Testcases.UserIdentity@fbd1f6]" started-at="2025-09-06T16:53:06 IST" name="setupReport" finished-at="2025-09-06T16:53:06 IST" duration-ms="343" status="PASS">
          <reporter-output>
          </reporter-output>
        </test-method> <!-- setupReport -->
        <test-method is-config="true" signature="setUp()[pri:0, instance:Testcases.UserIdentity@fbd1f6]" started-at="2025-09-06T16:53:06 IST" name="setUp" finished-at="2025-09-06T16:53:08 IST" duration-ms="2438" status="PASS">
          <reporter-output>
          </reporter-output>
        </test-method> <!-- setUp -->
        <test-method signature="Login()[pri:0, instance:Testcases.UserIdentity@fbd1f6]" started-at="2025-09-06T16:53:08 IST" name="Login" finished-at="2025-09-06T16:53:10 IST" duration-ms="2004" status="PASS">
          <reporter-output>
          </reporter-output>
        </test-method> <!-- Login -->
        <test-method is-config="true" signature="tearDown()[pri:0, instance:Testcases.UserIdentity@fbd1f6]" started-at="2025-09-06T16:53:10 IST" name="tearDown" finished-at="2025-09-06T16:53:11 IST" duration-ms="679" status="PASS">
          <reporter-output>
          </reporter-output>
        </test-method> <!-- tearDown -->
        <test-method is-config="true" signature="setUp()[pri:0, instance:Testcases.UserIdentity@fbd1f6]" started-at="2025-09-06T16:53:11 IST" name="setUp" finished-at="2025-09-06T16:53:12 IST" duration-ms="1119" status="PASS">
          <reporter-output>
          </reporter-output>
        </test-method> <!-- setUp -->
        <test-method signature="Registration()[pri:0, instance:Testcases.UserIdentity@fbd1f6]" started-at="2025-09-06T16:53:12 IST" name="Registration" finished-at="2025-09-06T16:53:18 IST" duration-ms="5767" status="PASS">
          <reporter-output>
          </reporter-output>
        </test-method> <!-- Registration -->
        <test-method is-config="true" signature="tearDown()[pri:0, instance:Testcases.UserIdentity@fbd1f6]" started-at="2025-09-06T16:53:18 IST" name="tearDown" finished-at="2025-09-06T16:53:19 IST" duration-ms="722" status="PASS">
          <reporter-output>
          </reporter-output>
        </test-method> <!-- tearDown -->
        <test-method is-config="true" signature="closeReport()[pri:0, instance:Testcases.UserIdentity@fbd1f6]" started-at="2025-09-06T16:53:19 IST" name="closeReport" finished-at="2025-09-06T16:53:19 IST" duration-ms="414" status="PASS">
          <reporter-output>
          </reporter-output>
        </test-method> <!-- closeReport -->
      </class> <!-- Testcases.UserIdentity -->
    </test> <!-- Test -->
  </suite> <!-- Suite -->
</testng-results>
