<?xml version="1.0" encoding="UTF-8"?>
<!-- Generated by org.testng.reporters.JUnitXMLReporter -->
<testsuite ignored="0" hostname="LAPTOP-BB9R4924" failures="0" tests="13" name="Test" time="1.103" errors="0" timestamp="06 Sep 2025 06:30:36 GMT">
  <testcase classname="com.cg.demo.testcase.ApplicationTest" name="@BeforeClass launchBrowser" time="0.012">
    <failure type="java.lang.NullPointerException" message="Cannot invoke &amp;quot;org.openqa.selenium.WebDriver.manage()&amp;quot; because &amp;quot;com.cg.demo.launch.LoadDriver.driver&amp;quot; is null">
      <![CDATA[java.lang.NullPointerException: Cannot invoke "org.openqa.selenium.WebDriver.manage()" because "com.cg.demo.launch.LoadDriver.driver" is null
at com.cg.demo.launch.LoadDriver.loadBrowser(LoadDriver.java:29)
at com.cg.demo.testcase.ApplicationTest.launchBrowser(ApplicationTest.java:46)
... Removed 24 stack frames]]>
    </failure>
  </testcase> <!-- @BeforeClass launchBrowser -->
  <testcase classname="com.cg.demo.testcase.ApplicationTest" name="@BeforeMethod setup" time="0.0">
    <skipped/>
  </testcase> <!-- @BeforeMethod setup -->
  <testcase classname="com.cg.demo.testcase.ApplicationTest" name="@AfterMethod checkStatus" time="0.0">
    <skipped/>
  </testcase> <!-- @AfterMethod checkStatus -->
  <testcase classname="com.cg.demo.testcase.ApplicationTest" name="@BeforeMethod setup" time="0.0">
    <skipped/>
  </testcase> <!-- @BeforeMethod setup -->
  <testcase classname="com.cg.demo.testcase.ApplicationTest" name="@AfterMethod checkStatus" time="0.0">
    <skipped/>
  </testcase> <!-- @AfterMethod checkStatus -->
  <testcase classname="com.cg.demo.testcase.ApplicationTest" name="@BeforeMethod setup" time="0.0">
    <skipped/>
  </testcase> <!-- @BeforeMethod setup -->
  <testcase classname="com.cg.demo.testcase.ApplicationTest" name="@AfterMethod checkStatus" time="0.0">
    <skipped/>
  </testcase> <!-- @AfterMethod checkStatus -->
  <testcase classname="com.cg.demo.testcase.ApplicationTest" name="@BeforeMethod setup" time="0.0">
    <skipped/>
  </testcase> <!-- @BeforeMethod setup -->
  <testcase classname="com.cg.demo.testcase.ApplicationTest" name="@AfterMethod checkStatus" time="0.0">
    <skipped/>
  </testcase> <!-- @AfterMethod checkStatus -->
  <testcase classname="com.cg.demo.testcase.ApplicationTest" name="@BeforeMethod setup" time="0.0">
    <skipped/>
  </testcase> <!-- @BeforeMethod setup -->
  <testcase classname="com.cg.demo.testcase.ApplicationTest" name="@AfterMethod checkStatus" time="0.0">
    <skipped/>
  </testcase> <!-- @AfterMethod checkStatus -->
  <testcase classname="com.cg.demo.testcase.ApplicationTest" name="@BeforeMethod setup" time="0.0">
    <skipped/>
  </testcase> <!-- @BeforeMethod setup -->
  <testcase classname="com.cg.demo.testcase.ApplicationTest" name="@AfterMethod checkStatus" time="0.0">
    <skipped/>
  </testcase> <!-- @AfterMethod checkStatus -->
  <testcase classname="com.cg.demo.testcase.ApplicationTest" name="@BeforeMethod setup" time="0.0">
    <skipped/>
  </testcase> <!-- @BeforeMethod setup -->
  <testcase classname="com.cg.demo.testcase.ApplicationTest" name="@AfterMethod checkStatus" time="0.0">
    <skipped/>
  </testcase> <!-- @AfterMethod checkStatus -->
  <testcase classname="com.cg.demo.testcase.ApplicationTest" name="@BeforeMethod setup" time="0.0">
    <skipped/>
  </testcase> <!-- @BeforeMethod setup -->
  <testcase classname="com.cg.demo.testcase.ApplicationTest" name="@AfterMethod checkStatus" time="0.0">
    <skipped/>
  </testcase> <!-- @AfterMethod checkStatus -->
  <testcase classname="com.cg.demo.testcase.ApplicationTest" name="@BeforeMethod setup" time="0.0">
    <skipped/>
  </testcase> <!-- @BeforeMethod setup -->
  <testcase classname="com.cg.demo.testcase.ApplicationTest" name="@AfterMethod checkStatus" time="0.0">
    <skipped/>
  </testcase> <!-- @AfterMethod checkStatus -->
  <testcase classname="com.cg.demo.testcase.ApplicationTest" name="@BeforeMethod setup" time="0.0">
    <skipped/>
  </testcase> <!-- @BeforeMethod setup -->
  <testcase classname="com.cg.demo.testcase.ApplicationTest" name="@AfterMethod checkStatus" time="0.0">
    <skipped/>
  </testcase> <!-- @AfterMethod checkStatus -->
  <testcase classname="com.cg.demo.testcase.ApplicationTest" name="@BeforeMethod setup" time="0.0">
    <skipped/>
  </testcase> <!-- @BeforeMethod setup -->
  <testcase classname="com.cg.demo.testcase.ApplicationTest" name="@AfterMethod checkStatus" time="0.0">
    <skipped/>
  </testcase> <!-- @AfterMethod checkStatus -->
  <testcase classname="com.cg.demo.testcase.ApplicationTest" name="@BeforeMethod setup" time="0.0">
    <skipped/>
  </testcase> <!-- @BeforeMethod setup -->
  <testcase classname="com.cg.demo.testcase.ApplicationTest" name="@AfterMethod checkStatus" time="0.0">
    <skipped/>
  </testcase> <!-- @AfterMethod checkStatus -->
  <testcase classname="com.cg.demo.testcase.ApplicationTest" name="@BeforeMethod setup" time="0.0">
    <skipped/>
  </testcase> <!-- @BeforeMethod setup -->
  <testcase classname="com.cg.demo.testcase.ApplicationTest" name="@AfterMethod checkStatus" time="0.0">
    <skipped/>
  </testcase> <!-- @AfterMethod checkStatus -->
  <testcase classname="com.cg.demo.testcase.ApplicationTest" name="@AfterClass closeBrowser" time="0.0">
    <skipped/>
  </testcase> <!-- @AfterClass closeBrowser -->
  <testcase classname="com.cg.demo.testcase.ApplicationTest" name="launchBrowserTest" time="0.0">
    <skipped/>
  </testcase> <!-- launchBrowserTest -->
  <testcase classname="com.cg.demo.testcase.ApplicationTest" name="login" time="0.0">
    <skipped/>
  </testcase> <!-- login -->
  <testcase classname="com.cg.demo.testcase.ApplicationTest" name="browseProduct" time="0.0">
    <skipped/>
  </testcase> <!-- browseProduct -->
  <testcase classname="com.cg.demo.testcase.ApplicationTest" name="addProductToCart" time="0.0">
    <skipped/>
  </testcase> <!-- addProductToCart -->
  <testcase classname="com.cg.demo.testcase.ApplicationTest" name="addProductToCart" time="0.0">
    <skipped/>
  </testcase> <!-- addProductToCart -->
  <testcase classname="com.cg.demo.testcase.ApplicationTest" name="addProductToCart" time="0.0">
    <skipped/>
  </testcase> <!-- addProductToCart -->
  <testcase classname="com.cg.demo.testcase.ApplicationTest" name="addProductToCart" time="0.0">
    <skipped/>
  </testcase> <!-- addProductToCart -->
  <testcase classname="com.cg.demo.testcase.ApplicationTest" name="nevigateToCheckout" time="0.0">
    <skipped/>
  </testcase> <!-- nevigateToCheckout -->
  <testcase classname="com.cg.demo.testcase.ApplicationTest" name="enterAddress" time="0.0">
    <skipped/>
  </testcase> <!-- enterAddress -->
  <testcase classname="com.cg.demo.testcase.ApplicationTest" name="enterAddress" time="0.0">
    <skipped/>
  </testcase> <!-- enterAddress -->
  <testcase classname="com.cg.demo.testcase.ApplicationTest" name="enterDeliveryDetails" time="0.0">
    <skipped/>
  </testcase> <!-- enterDeliveryDetails -->
  <testcase classname="com.cg.demo.testcase.ApplicationTest" name="enterDeliveryMethod" time="0.0">
    <skipped/>
  </testcase> <!-- enterDeliveryMethod -->
  <testcase classname="com.cg.demo.testcase.ApplicationTest" name="acceptTerms" time="0.0">
    <skipped/>
  </testcase> <!-- acceptTerms -->
</testsuite> <!-- Test -->
