<?xml version="1.0" encoding="UTF-8"?>
<!-- Generated by org.testng.reporters.JUnitXMLReporter -->
<testsuite ignored="0" hostname="LAPTOP-BB9R4924" failures="0" tests="3" name="Test" time="19.066" errors="0" timestamp="2025-09-06T16:53:25 IST">
  <testcase classname="Testcases.UserIdentity" name="Login" time="2.004"/>
  <testcase classname="Testcases.UserIdentity" name="Registration" time="5.767"/>
  <testcase classname="Testcases.Product" name="searchproductandview" time="3.771"/>
</testsuite> <!-- Test -->
